<?xml version="1.0" encoding="UTF-8"?>
<!-- Generated by org.testng.reporters.JUnitReportReporter -->
<testsuite hostname="DESKTOP-KMCTGLT" failures="0" tests="5" name="Test_Package.TC_001_login_test" time="61.692" errors="0" timestamp="2024-01-12T17:06:26 IST" skipped="0">
  <testcase classname="Test_Package.TC_001_login_test" name="test_login" time="14.221"/>
  <system-out/>
  <testcase classname="Test_Package.TC_001_login_test" name="test_login" time="14.013"/>
  <system-out/>
  <testcase classname="Test_Package.TC_001_login_test" name="test_login" time="14.016"/>
  <system-out/>
  <testcase classname="Test_Package.TC_001_login_test" name="test_login" time="13.841"/>
  <system-out/>
  <testcase classname="Test_Package.TC_001_login_test" name="test_login" time="5.601"/>
  <system-out/>
</testsuite> <!-- Test_Package.TC_001_login_test -->
