<?xml version="1.0" encoding="UTF-8"?>
<!-- Generated by org.testng.reporters.JUnitReportReporter -->
<testsuite hostname="DESKTOP-KMCTGLT" failures="0" tests="1" name="Test_Package.TC_01_Test_Scenario1" time="41.054" errors="0" timestamp="2024-02-20T11:29:51 IST" skipped="0">
  <testcase classname="Test_Package.TC_01_Test_Scenario1" name="test_01" time="41.054"/>
  <system-out/>
</testsuite> <!-- Test_Package.TC_01_Test_Scenario1 -->
