<?xml version="1.0" encoding="UTF-8"?>
<!-- Generated by org.testng.reporters.JUnitReportReporter -->
<testsuite hostname="DESKTOP-KMCTGLT" failures="0" tests="1" name="Test_Package.TC_02_Test_Scenaior_Order" time="40.629" errors="0" timestamp="2024-02-20T11:31:13 IST" skipped="0">
  <testcase classname="Test_Package.TC_02_Test_Scenaior_Order" name="test_order" time="40.629"/>
  <system-out/>
</testsuite> <!-- Test_Package.TC_02_Test_Scenaior_Order -->
