<?xml version="1.0" encoding="UTF-8"?>
<!-- Generated by org.testng.reporters.JUnitReportReporter -->
<testsuite hostname="DESKTOP-KMCTGLT" failures="0" tests="8" name="Test_Package.TC_002_registration_test" time="98.605" errors="0" timestamp="2024-01-12T17:06:26 IST" skipped="0">
  <testcase classname="Test_Package.TC_002_registration_test" name="registration_test" time="5.397"/>
  <system-out/>
  <testcase classname="Test_Package.TC_002_registration_test" name="registration_test" time="14.592"/>
  <system-out/>
  <testcase classname="Test_Package.TC_002_registration_test" name="registration_test" time="14.407"/>
  <system-out/>
  <testcase classname="Test_Package.TC_002_registration_test" name="registration_test" time="14.824"/>
  <system-out/>
  <testcase classname="Test_Package.TC_002_registration_test" name="registration_test" time="14.970"/>
  <system-out/>
  <testcase classname="Test_Package.TC_002_registration_test" name="registration_test" time="14.437"/>
  <system-out/>
  <testcase classname="Test_Package.TC_002_registration_test" name="registration_test" time="5.455"/>
  <system-out/>
  <testcase classname="Test_Package.TC_002_registration_test" name="registration_test" time="14.523"/>
  <system-out/>
</testsuite> <!-- Test_Package.TC_002_registration_test -->
