<?xml version="1.0" encoding="UTF-8"?>
<!-- Generated by org.testng.reporters.JUnitReportReporter -->
<testsuite hostname="DESKTOP-KMCTGLT" failures="0" tests="3" name="Test_Package.TC_003_forgotpassword_test" time="19.752" errors="0" timestamp="2024-01-12T17:06:26 IST" skipped="0">
  <testcase classname="Test_Package.TC_003_forgotpassword_test" name="test_forgotPassword" time="5.913"/>
  <system-out/>
  <testcase classname="Test_Package.TC_003_forgotpassword_test" name="test_forgotPassword" time="5.816"/>
  <system-out/>
  <testcase classname="Test_Package.TC_003_forgotpassword_test" name="test_forgotPassword" time="8.023"/>
  <system-out/>
</testsuite> <!-- Test_Package.TC_003_forgotpassword_test -->
